{"C:\\Users\\uzebu\\Documents\\WEBDEV\\cse341-final_project\\server.js": {"path":"C:\\Users\\uzebu\\Documents\\WEBDEV\\cse341-final_project\\server.js","statementMap":{"0":{"start":{"line":1,"column":16},"end":{"line":1,"column":34}},"1":{"start":{"line":2,"column":23},"end":{"line":2,"column":53}},"2":{"start":{"line":3,"column":15},"end":{"line":3,"column":41}},"3":{"start":{"line":4,"column":17},"end":{"line":4,"column":36}},"4":{"start":{"line":5,"column":16},"end":{"line":5,"column":42}},"5":{"start":{"line":6,"column":13},"end":{"line":6,"column":28}},"6":{"start":{"line":7,"column":19},"end":{"line":7,"column":41}},"7":{"start":{"line":8,"column":13},"end":{"line":8,"column":28}},"8":{"start":{"line":9,"column":19},"end":{"line":9,"column":40}},"9":{"start":{"line":10,"column":21},"end":{"line":10,"column":47}},"10":{"start":{"line":11,"column":24},"end":{"line":11,"column":50}},"11":{"start":{"line":12,"column":15},"end":{"line":12,"column":51}},"12":{"start":{"line":14,"column":15},"end":{"line":14,"column":41}},"13":{"start":{"line":15,"column":18},"end":{"line":15,"column":41}},"14":{"start":{"line":17,"column":19},"end":{"line":17,"column":50}},"15":{"start":{"line":18,"column":18},"end":{"line":18,"column":48}},"16":{"start":{"line":19,"column":28},"end":{"line":19,"column":59}},"17":{"start":{"line":20,"column":18},"end":{"line":20,"column":42}},"18":{"start":{"line":21,"column":19},"end":{"line":21,"column":50}},"19":{"start":{"line":22,"column":25},"end":{"line":22,"column":61}},"20":{"start":{"line":24,"column":18},"end":{"line":24,"column":47}},"21":{"start":{"line":25,"column":24},"end":{"line":25,"column":49}},"22":{"start":{"line":27,"column":11},"end":{"line":27,"column":30}},"23":{"start":{"line":28,"column":13},"end":{"line":28,"column":21}},"24":{"start":{"line":30,"column":12},"end":{"line":30,"column":21}},"25":{"start":{"line":35,"column":0},"end":{"line":35,"column":30}},"26":{"start":{"line":36,"column":0},"end":{"line":36,"column":24}},"27":{"start":{"line":37,"column":0},"end":{"line":37,"column":38}},"28":{"start":{"line":40,"column":0},"end":{"line":44,"column":4}},"29":{"start":{"line":47,"column":0},"end":{"line":47,"column":48}},"30":{"start":{"line":48,"column":0},"end":{"line":48,"column":24}},"31":{"start":{"line":49,"column":0},"end":{"line":49,"column":27}},"32":{"start":{"line":52,"column":0},"end":{"line":52,"column":72}},"33":{"start":{"line":54,"column":0},"end":{"line":54,"column":56}},"34":{"start":{"line":57,"column":0},"end":{"line":61,"column":4}},"35":{"start":{"line":62,"column":0},"end":{"line":62,"column":31}},"36":{"start":{"line":63,"column":0},"end":{"line":63,"column":28}},"37":{"start":{"line":65,"column":0},"end":{"line":88,"column":4}},"38":{"start":{"line":70,"column":2},"end":{"line":86,"column":3}},"39":{"start":{"line":72,"column":15},"end":{"line":72,"column":59}},"40":{"start":{"line":74,"column":4},"end":{"line":81,"column":5}},"41":{"start":{"line":75,"column":6},"end":{"line":80,"column":8}},"42":{"start":{"line":83,"column":4},"end":{"line":83,"column":24}},"43":{"start":{"line":85,"column":4},"end":{"line":85,"column":37}},"44":{"start":{"line":87,"column":2},"end":{"line":87,"column":22}},"45":{"start":{"line":90,"column":0},"end":{"line":92,"column":3}},"46":{"start":{"line":91,"column":2},"end":{"line":91,"column":19}},"47":{"start":{"line":94,"column":0},"end":{"line":96,"column":2}},"48":{"start":{"line":95,"column":2},"end":{"line":95,"column":18}},"49":{"start":{"line":98,"column":0},"end":{"line":101,"column":4}},"50":{"start":{"line":104,"column":0},"end":{"line":104,"column":22}},"51":{"start":{"line":105,"column":0},"end":{"line":107,"column":4}},"52":{"start":{"line":106,"column":2},"end":{"line":106,"column":41}},"53":{"start":{"line":110,"column":0},"end":{"line":110,"column":25}},"54":{"start":{"line":111,"column":0},"end":{"line":111,"column":24}},"55":{"start":{"line":112,"column":0},"end":{"line":112,"column":34}},"56":{"start":{"line":113,"column":0},"end":{"line":113,"column":28}},"57":{"start":{"line":114,"column":0},"end":{"line":114,"column":24}},"58":{"start":{"line":115,"column":0},"end":{"line":115,"column":31}},"59":{"start":{"line":118,"column":0},"end":{"line":120,"column":3}},"60":{"start":{"line":119,"column":2},"end":{"line":119,"column":77}},"61":{"start":{"line":123,"column":0},"end":{"line":131,"column":3}},"62":{"start":{"line":124,"column":2},"end":{"line":124,"column":65}},"63":{"start":{"line":125,"column":18},"end":{"line":125,"column":101}},"64":{"start":{"line":126,"column":2},"end":{"line":130,"column":5}},"65":{"start":{"line":134,"column":0},"end":{"line":142,"column":5}},"66":{"start":{"line":137,"column":4},"end":{"line":137,"column":48}},"67":{"start":{"line":140,"column":4},"end":{"line":140,"column":58}},"68":{"start":{"line":141,"column":4},"end":{"line":141,"column":19}},"69":{"start":{"line":145,"column":13},"end":{"line":145,"column":37}},"70":{"start":{"line":147,"column":0},"end":{"line":149,"column":1}},"71":{"start":{"line":148,"column":2},"end":{"line":148,"column":87}},"72":{"start":{"line":148,"column":25},"end":{"line":148,"column":85}},"73":{"start":{"line":151,"column":0},"end":{"line":151,"column":21}}},"fnMap":{"0":{"name":"(anonymous_0)","decl":{"start":{"line":69,"column":3},"end":{"line":69,"column":4}},"loc":{"start":{"line":69,"column":55},"end":{"line":88,"column":1}},"line":69},"1":{"name":"(anonymous_1)","decl":{"start":{"line":90,"column":23},"end":{"line":90,"column":24}},"loc":{"start":{"line":90,"column":39},"end":{"line":92,"column":1}},"line":90},"2":{"name":"(anonymous_2)","decl":{"start":{"line":94,"column":25},"end":{"line":94,"column":26}},"loc":{"start":{"line":94,"column":40},"end":{"line":96,"column":1}},"line":94},"3":{"name":"(anonymous_3)","decl":{"start":{"line":105,"column":36},"end":{"line":105,"column":37}},"loc":{"start":{"line":105,"column":50},"end":{"line":107,"column":1}},"line":105},"4":{"name":"(anonymous_4)","decl":{"start":{"line":118,"column":8},"end":{"line":118,"column":9}},"loc":{"start":{"line":118,"column":34},"end":{"line":120,"column":1}},"line":118},"5":{"name":"(anonymous_5)","decl":{"start":{"line":123,"column":8},"end":{"line":123,"column":9}},"loc":{"start":{"line":123,"column":39},"end":{"line":131,"column":1}},"line":123},"6":{"name":"(anonymous_6)","decl":{"start":{"line":136,"column":8},"end":{"line":136,"column":9}},"loc":{"start":{"line":136,"column":14},"end":{"line":138,"column":3}},"line":136},"7":{"name":"(anonymous_7)","decl":{"start":{"line":139,"column":9},"end":{"line":139,"column":10}},"loc":{"start":{"line":139,"column":18},"end":{"line":142,"column":3}},"line":139},"8":{"name":"(anonymous_8)","decl":{"start":{"line":148,"column":19},"end":{"line":148,"column":20}},"loc":{"start":{"line":148,"column":25},"end":{"line":148,"column":85}},"line":148}},"branchMap":{"0":{"loc":{"start":{"line":74,"column":4},"end":{"line":81,"column":5}},"type":"if","locations":[{"start":{"line":74,"column":4},"end":{"line":81,"column":5}},{"start":{},"end":{}}],"line":74},"1":{"loc":{"start":{"line":125,"column":18},"end":{"line":125,"column":101}},"type":"cond-expr","locations":[{"start":{"line":125,"column":31},"end":{"line":125,"column":42}},{"start":{"line":125,"column":45},"end":{"line":125,"column":101}}],"line":125},"2":{"loc":{"start":{"line":127,"column":11},"end":{"line":127,"column":39}},"type":"binary-expr","locations":[{"start":{"line":127,"column":11},"end":{"line":127,"column":21}},{"start":{"line":127,"column":25},"end":{"line":127,"column":39}}],"line":127},"3":{"loc":{"start":{"line":145,"column":13},"end":{"line":145,"column":37}},"type":"binary-expr","locations":[{"start":{"line":145,"column":13},"end":{"line":145,"column":29}},{"start":{"line":145,"column":33},"end":{"line":145,"column":37}}],"line":145},"4":{"loc":{"start":{"line":147,"column":0},"end":{"line":149,"column":1}},"type":"if","locations":[{"start":{"line":147,"column":0},"end":{"line":149,"column":1}},{"start":{},"end":{}}],"line":147}},"s":{"0":1,"1":1,"2":1,"3":1,"4":1,"5":1,"6":1,"7":1,"8":1,"9":1,"10":1,"11":1,"12":1,"13":1,"14":1,"15":1,"16":1,"17":1,"18":1,"19":1,"20":1,"21":1,"22":1,"23":1,"24":1,"25":1,"26":1,"27":1,"28":1,"29":1,"30":1,"31":1,"32":1,"33":1,"34":1,"35":1,"36":1,"37":1,"38":0,"39":0,"40":0,"41":0,"42":0,"43":0,"44":0,"45":1,"46":0,"47":1,"48":0,"49":1,"50":1,"51":1,"52":0,"53":1,"54":1,"55":1,"56":1,"57":1,"58":1,"59":1,"60":0,"61":1,"62":1,"63":1,"64":1,"65":1,"66":1,"67":0,"68":0,"69":1,"70":1,"71":0,"72":0,"73":1},"f":{"0":0,"1":0,"2":0,"3":0,"4":0,"5":1,"6":1,"7":0,"8":0},"b":{"0":[0,0],"1":[1,0],"2":[1,0],"3":[1,1],"4":[0,1]},"_coverageSchema":"1a1c01bbd47fc00a2c39e90264f33305004495a9","hash":"6170faa4ba37f67ac3f434dfd9f887fd642dcfba"}
}
