{"C:\\Users\\uzebu\\Documents\\WEBDEV\\cse341-final_project\\server.js": {"path":"C:\\Users\\uzebu\\Documents\\WEBDEV\\cse341-final_project\\server.js","statementMap":{"0":{"start":{"line":1,"column":16},"end":{"line":1,"column":34}},"1":{"start":{"line":2,"column":23},"end":{"line":2,"column":53}},"2":{"start":{"line":3,"column":15},"end":{"line":3,"column":41}},"3":{"start":{"line":4,"column":17},"end":{"line":4,"column":36}},"4":{"start":{"line":5,"column":16},"end":{"line":5,"column":42}},"5":{"start":{"line":6,"column":13},"end":{"line":6,"column":28}},"6":{"start":{"line":7,"column":19},"end":{"line":7,"column":41}},"7":{"start":{"line":8,"column":13},"end":{"line":8,"column":28}},"8":{"start":{"line":9,"column":19},"end":{"line":9,"column":40}},"9":{"start":{"line":10,"column":21},"end":{"line":10,"column":47}},"10":{"start":{"line":11,"column":24},"end":{"line":11,"column":50}},"11":{"start":{"line":12,"column":15},"end":{"line":12,"column":51}},"12":{"start":{"line":14,"column":15},"end":{"line":14,"column":41}},"13":{"start":{"line":15,"column":18},"end":{"line":15,"column":41}},"14":{"start":{"line":17,"column":19},"end":{"line":17,"column":50}},"15":{"start":{"line":18,"column":18},"end":{"line":18,"column":48}},"16":{"start":{"line":19,"column":28},"end":{"line":19,"column":59}},"17":{"start":{"line":20,"column":18},"end":{"line":20,"column":42}},"18":{"start":{"line":21,"column":19},"end":{"line":21,"column":50}},"19":{"start":{"line":22,"column":25},"end":{"line":22,"column":61}},"20":{"start":{"line":24,"column":18},"end":{"line":24,"column":47}},"21":{"start":{"line":25,"column":24},"end":{"line":25,"column":49}},"22":{"start":{"line":27,"column":11},"end":{"line":27,"column":30}},"23":{"start":{"line":28,"column":13},"end":{"line":28,"column":21}},"24":{"start":{"line":30,"column":12},"end":{"line":30,"column":21}},"25":{"start":{"line":35,"column":0},"end":{"line":35,"column":30}},"26":{"start":{"line":36,"column":0},"end":{"line":36,"column":24}},"27":{"start":{"line":37,"column":0},"end":{"line":37,"column":38}},"28":{"start":{"line":40,"column":0},"end":{"line":44,"column":4}},"29":{"start":{"line":47,"column":0},"end":{"line":47,"column":48}},"30":{"start":{"line":48,"column":0},"end":{"line":48,"column":24}},"31":{"start":{"line":49,"column":0},"end":{"line":49,"column":27}},"32":{"start":{"line":52,"column":0},"end":{"line":65,"column":3}},"33":{"start":{"line":53,"column":2},"end":{"line":63,"column":3}},"34":{"start":{"line":54,"column":19},"end":{"line":54,"column":42}},"35":{"start":{"line":55,"column":4},"end":{"line":60,"column":5}},"36":{"start":{"line":57,"column":6},"end":{"line":59,"column":7}},"37":{"start":{"line":58,"column":8},"end":{"line":58,"column":58}},"38":{"start":{"line":64,"column":2},"end":{"line":64,"column":9}},"39":{"start":{"line":68,"column":0},"end":{"line":68,"column":56}},"40":{"start":{"line":71,"column":0},"end":{"line":75,"column":4}},"41":{"start":{"line":76,"column":0},"end":{"line":76,"column":31}},"42":{"start":{"line":77,"column":0},"end":{"line":77,"column":28}},"43":{"start":{"line":79,"column":0},"end":{"line":102,"column":4}},"44":{"start":{"line":84,"column":2},"end":{"line":100,"column":3}},"45":{"start":{"line":86,"column":15},"end":{"line":86,"column":59}},"46":{"start":{"line":88,"column":4},"end":{"line":95,"column":5}},"47":{"start":{"line":89,"column":6},"end":{"line":94,"column":8}},"48":{"start":{"line":97,"column":4},"end":{"line":97,"column":24}},"49":{"start":{"line":99,"column":4},"end":{"line":99,"column":37}},"50":{"start":{"line":101,"column":2},"end":{"line":101,"column":22}},"51":{"start":{"line":104,"column":0},"end":{"line":106,"column":3}},"52":{"start":{"line":105,"column":2},"end":{"line":105,"column":19}},"53":{"start":{"line":108,"column":0},"end":{"line":110,"column":2}},"54":{"start":{"line":109,"column":2},"end":{"line":109,"column":18}},"55":{"start":{"line":113,"column":0},"end":{"line":113,"column":72}},"56":{"start":{"line":114,"column":0},"end":{"line":117,"column":4}},"57":{"start":{"line":120,"column":0},"end":{"line":120,"column":22}},"58":{"start":{"line":121,"column":0},"end":{"line":123,"column":4}},"59":{"start":{"line":122,"column":2},"end":{"line":122,"column":41}},"60":{"start":{"line":126,"column":0},"end":{"line":126,"column":25}},"61":{"start":{"line":127,"column":0},"end":{"line":127,"column":24}},"62":{"start":{"line":128,"column":0},"end":{"line":128,"column":34}},"63":{"start":{"line":129,"column":0},"end":{"line":129,"column":28}},"64":{"start":{"line":130,"column":0},"end":{"line":130,"column":24}},"65":{"start":{"line":131,"column":0},"end":{"line":131,"column":31}},"66":{"start":{"line":134,"column":0},"end":{"line":136,"column":3}},"67":{"start":{"line":135,"column":2},"end":{"line":135,"column":77}},"68":{"start":{"line":139,"column":0},"end":{"line":147,"column":3}},"69":{"start":{"line":140,"column":2},"end":{"line":140,"column":65}},"70":{"start":{"line":141,"column":18},"end":{"line":141,"column":101}},"71":{"start":{"line":142,"column":2},"end":{"line":146,"column":5}},"72":{"start":{"line":150,"column":0},"end":{"line":158,"column":5}},"73":{"start":{"line":153,"column":4},"end":{"line":153,"column":48}},"74":{"start":{"line":156,"column":4},"end":{"line":156,"column":58}},"75":{"start":{"line":157,"column":4},"end":{"line":157,"column":19}},"76":{"start":{"line":161,"column":13},"end":{"line":161,"column":37}},"77":{"start":{"line":163,"column":0},"end":{"line":165,"column":1}},"78":{"start":{"line":164,"column":2},"end":{"line":164,"column":87}},"79":{"start":{"line":164,"column":25},"end":{"line":164,"column":85}},"80":{"start":{"line":167,"column":0},"end":{"line":167,"column":21}}},"fnMap":{"0":{"name":"(anonymous_0)","decl":{"start":{"line":52,"column":8},"end":{"line":52,"column":9}},"loc":{"start":{"line":52,"column":28},"end":{"line":65,"column":1}},"line":52},"1":{"name":"(anonymous_1)","decl":{"start":{"line":83,"column":3},"end":{"line":83,"column":4}},"loc":{"start":{"line":83,"column":55},"end":{"line":102,"column":1}},"line":83},"2":{"name":"(anonymous_2)","decl":{"start":{"line":104,"column":23},"end":{"line":104,"column":24}},"loc":{"start":{"line":104,"column":39},"end":{"line":106,"column":1}},"line":104},"3":{"name":"(anonymous_3)","decl":{"start":{"line":108,"column":25},"end":{"line":108,"column":26}},"loc":{"start":{"line":108,"column":40},"end":{"line":110,"column":1}},"line":108},"4":{"name":"(anonymous_4)","decl":{"start":{"line":121,"column":36},"end":{"line":121,"column":37}},"loc":{"start":{"line":121,"column":50},"end":{"line":123,"column":1}},"line":121},"5":{"name":"(anonymous_5)","decl":{"start":{"line":134,"column":8},"end":{"line":134,"column":9}},"loc":{"start":{"line":134,"column":34},"end":{"line":136,"column":1}},"line":134},"6":{"name":"(anonymous_6)","decl":{"start":{"line":139,"column":8},"end":{"line":139,"column":9}},"loc":{"start":{"line":139,"column":39},"end":{"line":147,"column":1}},"line":139},"7":{"name":"(anonymous_7)","decl":{"start":{"line":152,"column":8},"end":{"line":152,"column":9}},"loc":{"start":{"line":152,"column":14},"end":{"line":154,"column":3}},"line":152},"8":{"name":"(anonymous_8)","decl":{"start":{"line":155,"column":9},"end":{"line":155,"column":10}},"loc":{"start":{"line":155,"column":18},"end":{"line":158,"column":3}},"line":155},"9":{"name":"(anonymous_9)","decl":{"start":{"line":164,"column":19},"end":{"line":164,"column":20}},"loc":{"start":{"line":164,"column":25},"end":{"line":164,"column":85}},"line":164}},"branchMap":{"0":{"loc":{"start":{"line":54,"column":19},"end":{"line":54,"column":42}},"type":"binary-expr","locations":[{"start":{"line":54,"column":19},"end":{"line":54,"column":36}},{"start":{"line":54,"column":40},"end":{"line":54,"column":42}}],"line":54},"1":{"loc":{"start":{"line":55,"column":4},"end":{"line":60,"column":5}},"type":"if","locations":[{"start":{"line":55,"column":4},"end":{"line":60,"column":5}},{"start":{},"end":{}}],"line":55},"2":{"loc":{"start":{"line":55,"column":8},"end":{"line":55,"column":111}},"type":"binary-expr","locations":[{"start":{"line":55,"column":8},"end":{"line":55,"column":41}},{"start":{"line":55,"column":45},"end":{"line":55,"column":72}},{"start":{"line":55,"column":76},"end":{"line":55,"column":111}}],"line":55},"3":{"loc":{"start":{"line":57,"column":6},"end":{"line":59,"column":7}},"type":"if","locations":[{"start":{"line":57,"column":6},"end":{"line":59,"column":7}},{"start":{},"end":{}}],"line":57},"4":{"loc":{"start":{"line":88,"column":4},"end":{"line":95,"column":5}},"type":"if","locations":[{"start":{"line":88,"column":4},"end":{"line":95,"column":5}},{"start":{},"end":{}}],"line":88},"5":{"loc":{"start":{"line":141,"column":18},"end":{"line":141,"column":101}},"type":"cond-expr","locations":[{"start":{"line":141,"column":31},"end":{"line":141,"column":42}},{"start":{"line":141,"column":45},"end":{"line":141,"column":101}}],"line":141},"6":{"loc":{"start":{"line":143,"column":11},"end":{"line":143,"column":39}},"type":"binary-expr","locations":[{"start":{"line":143,"column":11},"end":{"line":143,"column":21}},{"start":{"line":143,"column":25},"end":{"line":143,"column":39}}],"line":143},"7":{"loc":{"start":{"line":161,"column":13},"end":{"line":161,"column":37}},"type":"binary-expr","locations":[{"start":{"line":161,"column":13},"end":{"line":161,"column":29}},{"start":{"line":161,"column":33},"end":{"line":161,"column":37}}],"line":161},"8":{"loc":{"start":{"line":163,"column":0},"end":{"line":165,"column":1}},"type":"if","locations":[{"start":{"line":163,"column":0},"end":{"line":165,"column":1}},{"start":{},"end":{}}],"line":163}},"s":{"0":1,"1":1,"2":1,"3":1,"4":1,"5":1,"6":1,"7":1,"8":1,"9":1,"10":1,"11":1,"12":1,"13":1,"14":1,"15":1,"16":1,"17":1,"18":1,"19":1,"20":1,"21":1,"22":1,"23":1,"24":1,"25":1,"26":1,"27":1,"28":1,"29":1,"30":1,"31":1,"32":1,"33":5,"34":5,"35":5,"36":3,"37":3,"38":5,"39":1,"40":1,"41":1,"42":1,"43":1,"44":0,"45":0,"46":0,"47":0,"48":0,"49":0,"50":0,"51":1,"52":0,"53":1,"54":0,"55":1,"56":1,"57":1,"58":1,"59":0,"60":1,"61":1,"62":1,"63":1,"64":1,"65":1,"66":1,"67":0,"68":1,"69":1,"70":1,"71":1,"72":1,"73":1,"74":0,"75":0,"76":1,"77":1,"78":0,"79":0,"80":1},"f":{"0":5,"1":0,"2":0,"3":0,"4":0,"5":0,"6":1,"7":1,"8":0,"9":0},"b":{"0":[5,5],"1":[3,2],"2":[5,2,2],"3":[3,0],"4":[0,0],"5":[1,0],"6":[1,0],"7":[1,1],"8":[0,1]},"_coverageSchema":"1a1c01bbd47fc00a2c39e90264f33305004495a9","hash":"cab0ba307bfb72e0da24a1789f1f889bc6e30129"}
,"C:\\Users\\uzebu\\Documents\\WEBDEV\\cse341-final_project\\controllers\\invController.js": {"path":"C:\\Users\\uzebu\\Documents\\WEBDEV\\cse341-final_project\\controllers\\invController.js","statementMap":{"0":{"start":{"line":1,"column":11},"end":{"line":1,"column":31}},"1":{"start":{"line":2,"column":23},"end":{"line":2,"column":40}},"2":{"start":{"line":3,"column":13},"end":{"line":3,"column":20}},"3":{"start":{"line":4,"column":13},"end":{"line":4,"column":21}},"4":{"start":{"line":5,"column":19},"end":{"line":5,"column":33}},"5":{"start":{"line":6,"column":17},"end":{"line":6,"column":36}},"6":{"start":{"line":8,"column":16},"end":{"line":8,"column":18}},"7":{"start":{"line":11,"column":0},"end":{"line":26,"column":2}},"8":{"start":{"line":12,"column":4},"end":{"line":25,"column":5}},"9":{"start":{"line":13,"column":32},"end":{"line":13,"column":61}},"10":{"start":{"line":14,"column":8},"end":{"line":18,"column":11}},"11":{"start":{"line":20,"column":8},"end":{"line":20,"column":68}},"12":{"start":{"line":21,"column":8},"end":{"line":24,"column":11}},"13":{"start":{"line":29,"column":0},"end":{"line":74,"column":2}},"14":{"start":{"line":30,"column":4},"end":{"line":73,"column":5}},"15":{"start":{"line":33,"column":12},"end":{"line":33,"column":22}},"16":{"start":{"line":35,"column":8},"end":{"line":40,"column":9}},"17":{"start":{"line":36,"column":12},"end":{"line":39,"column":15}},"18":{"start":{"line":42,"column":32},"end":{"line":42,"column":61}},"19":{"start":{"line":43,"column":20},"end":{"line":43,"column":43}},"20":{"start":{"line":45,"column":8},"end":{"line":50,"column":9}},"21":{"start":{"line":46,"column":12},"end":{"line":49,"column":15}},"22":{"start":{"line":52,"column":8},"end":{"line":66,"column":11}},"23":{"start":{"line":68,"column":8},"end":{"line":68,"column":66}},"24":{"start":{"line":69,"column":8},"end":{"line":72,"column":11}},"25":{"start":{"line":77,"column":0},"end":{"line":108,"column":2}},"26":{"start":{"line":78,"column":4},"end":{"line":107,"column":5}},"27":{"start":{"line":81,"column":12},"end":{"line":81,"column":22}},"28":{"start":{"line":83,"column":8},"end":{"line":89,"column":9}},"29":{"start":{"line":84,"column":12},"end":{"line":84,"column":64}},"30":{"start":{"line":85,"column":12},"end":{"line":88,"column":15}},"31":{"start":{"line":91,"column":20},"end":{"line":91,"column":43}},"32":{"start":{"line":92,"column":8},"end":{"line":98,"column":9}},"33":{"start":{"line":93,"column":12},"end":{"line":93,"column":63}},"34":{"start":{"line":94,"column":12},"end":{"line":97,"column":15}},"35":{"start":{"line":100,"column":8},"end":{"line":100,"column":34}},"36":{"start":{"line":102,"column":8},"end":{"line":102,"column":55}},"37":{"start":{"line":103,"column":8},"end":{"line":106,"column":11}},"38":{"start":{"line":111,"column":0},"end":{"line":130,"column":2}},"39":{"start":{"line":112,"column":4},"end":{"line":129,"column":5}},"40":{"start":{"line":113,"column":21},"end":{"line":113,"column":40}},"41":{"start":{"line":114,"column":8},"end":{"line":120,"column":9}},"42":{"start":{"line":115,"column":12},"end":{"line":115,"column":63}},"43":{"start":{"line":116,"column":12},"end":{"line":119,"column":15}},"44":{"start":{"line":122,"column":8},"end":{"line":122,"column":35}},"45":{"start":{"line":124,"column":8},"end":{"line":124,"column":60}},"46":{"start":{"line":125,"column":8},"end":{"line":128,"column":11}},"47":{"start":{"line":132,"column":0},"end":{"line":150,"column":2}},"48":{"start":{"line":133,"column":4},"end":{"line":149,"column":5}},"49":{"start":{"line":134,"column":32},"end":{"line":134,"column":61}},"50":{"start":{"line":135,"column":8},"end":{"line":141,"column":9}},"51":{"start":{"line":136,"column":12},"end":{"line":136,"column":74}},"52":{"start":{"line":137,"column":12},"end":{"line":140,"column":15}},"53":{"start":{"line":142,"column":8},"end":{"line":142,"column":46}},"54":{"start":{"line":144,"column":8},"end":{"line":144,"column":71}},"55":{"start":{"line":145,"column":8},"end":{"line":148,"column":11}},"56":{"start":{"line":153,"column":0},"end":{"line":197,"column":2}},"57":{"start":{"line":154,"column":4},"end":{"line":196,"column":5}},"58":{"start":{"line":164,"column":12},"end":{"line":164,"column":20}},"59":{"start":{"line":166,"column":23},"end":{"line":177,"column":9}},"60":{"start":{"line":179,"column":20},"end":{"line":179,"column":45}},"61":{"start":{"line":180,"column":8},"end":{"line":186,"column":9}},"62":{"start":{"line":181,"column":12},"end":{"line":181,"column":67}},"63":{"start":{"line":182,"column":12},"end":{"line":185,"column":15}},"64":{"start":{"line":188,"column":8},"end":{"line":188,"column":34}},"65":{"start":{"line":190,"column":8},"end":{"line":190,"column":55}},"66":{"start":{"line":191,"column":8},"end":{"line":191,"column":55}},"67":{"start":{"line":192,"column":8},"end":{"line":195,"column":11}},"68":{"start":{"line":199,"column":0},"end":{"line":227,"column":1}},"69":{"start":{"line":200,"column":4},"end":{"line":226,"column":5}},"70":{"start":{"line":204,"column":12},"end":{"line":204,"column":20}},"71":{"start":{"line":205,"column":31},"end":{"line":208,"column":10}},"72":{"start":{"line":209,"column":8},"end":{"line":215,"column":9}},"73":{"start":{"line":210,"column":12},"end":{"line":210,"column":78}},"74":{"start":{"line":217,"column":8},"end":{"line":217,"column":45}},"75":{"start":{"line":219,"column":8},"end":{"line":219,"column":66}},"76":{"start":{"line":220,"column":8},"end":{"line":220,"column":55}},"77":{"start":{"line":230,"column":0},"end":{"line":291,"column":2}},"78":{"start":{"line":231,"column":4},"end":{"line":290,"column":5}},"79":{"start":{"line":234,"column":12},"end":{"line":234,"column":22}},"80":{"start":{"line":246,"column":12},"end":{"line":246,"column":20}},"81":{"start":{"line":248,"column":8},"end":{"line":254,"column":9}},"82":{"start":{"line":249,"column":12},"end":{"line":249,"column":51}},"83":{"start":{"line":250,"column":12},"end":{"line":253,"column":15}},"84":{"start":{"line":256,"column":23},"end":{"line":273,"column":9}},"85":{"start":{"line":275,"column":8},"end":{"line":281,"column":9}},"86":{"start":{"line":276,"column":12},"end":{"line":276,"column":49}},"87":{"start":{"line":277,"column":12},"end":{"line":280,"column":15}},"88":{"start":{"line":283,"column":8},"end":{"line":283,"column":37}},"89":{"start":{"line":285,"column":8},"end":{"line":285,"column":55}},"90":{"start":{"line":286,"column":8},"end":{"line":289,"column":11}},"91":{"start":{"line":293,"column":0},"end":{"line":338,"column":1}},"92":{"start":{"line":294,"column":4},"end":{"line":337,"column":5}},"93":{"start":{"line":297,"column":12},"end":{"line":297,"column":22}},"94":{"start":{"line":301,"column":12},"end":{"line":301,"column":20}},"95":{"start":{"line":303,"column":8},"end":{"line":309,"column":9}},"96":{"start":{"line":304,"column":12},"end":{"line":304,"column":62}},"97":{"start":{"line":305,"column":12},"end":{"line":308,"column":15}},"98":{"start":{"line":311,"column":23},"end":{"line":320,"column":9}},"99":{"start":{"line":322,"column":8},"end":{"line":328,"column":9}},"100":{"start":{"line":323,"column":12},"end":{"line":323,"column":63}},"101":{"start":{"line":324,"column":12},"end":{"line":327,"column":15}},"102":{"start":{"line":330,"column":8},"end":{"line":330,"column":37}},"103":{"start":{"line":332,"column":8},"end":{"line":332,"column":66}},"104":{"start":{"line":333,"column":8},"end":{"line":336,"column":11}},"105":{"start":{"line":340,"column":0},"end":{"line":370,"column":2}},"106":{"start":{"line":341,"column":4},"end":{"line":369,"column":5}},"107":{"start":{"line":344,"column":12},"end":{"line":344,"column":22}},"108":{"start":{"line":346,"column":8},"end":{"line":352,"column":9}},"109":{"start":{"line":347,"column":12},"end":{"line":347,"column":51}},"110":{"start":{"line":348,"column":12},"end":{"line":351,"column":15}},"111":{"start":{"line":354,"column":20},"end":{"line":354,"column":52}},"112":{"start":{"line":355,"column":8},"end":{"line":360,"column":9}},"113":{"start":{"line":356,"column":12},"end":{"line":359,"column":15}},"114":{"start":{"line":362,"column":8},"end":{"line":362,"column":34}},"115":{"start":{"line":364,"column":8},"end":{"line":364,"column":55}},"116":{"start":{"line":365,"column":8},"end":{"line":368,"column":11}},"117":{"start":{"line":372,"column":0},"end":{"line":402,"column":2}},"118":{"start":{"line":373,"column":4},"end":{"line":401,"column":5}},"119":{"start":{"line":376,"column":12},"end":{"line":376,"column":22}},"120":{"start":{"line":378,"column":8},"end":{"line":384,"column":9}},"121":{"start":{"line":379,"column":12},"end":{"line":379,"column":62}},"122":{"start":{"line":380,"column":12},"end":{"line":383,"column":15}},"123":{"start":{"line":386,"column":31},"end":{"line":386,"column":73}},"124":{"start":{"line":387,"column":8},"end":{"line":392,"column":9}},"125":{"start":{"line":388,"column":12},"end":{"line":391,"column":15}},"126":{"start":{"line":394,"column":8},"end":{"line":394,"column":45}},"127":{"start":{"line":396,"column":8},"end":{"line":396,"column":66}},"128":{"start":{"line":397,"column":8},"end":{"line":400,"column":11}},"129":{"start":{"line":404,"column":0},"end":{"line":419,"column":1}},"130":{"start":{"line":405,"column":4},"end":{"line":417,"column":5}},"131":{"start":{"line":407,"column":22},"end":{"line":407,"column":41}},"132":{"start":{"line":409,"column":8},"end":{"line":411,"column":9}},"133":{"start":{"line":410,"column":12},"end":{"line":410,"column":51}},"134":{"start":{"line":413,"column":8},"end":{"line":413,"column":36}},"135":{"start":{"line":416,"column":8},"end":{"line":416,"column":40}},"136":{"start":{"line":421,"column":0},"end":{"line":469,"column":1}},"137":{"start":{"line":422,"column":4},"end":{"line":468,"column":5}},"138":{"start":{"line":425,"column":12},"end":{"line":425,"column":22}},"139":{"start":{"line":431,"column":12},"end":{"line":431,"column":20}},"140":{"start":{"line":433,"column":8},"end":{"line":439,"column":9}},"141":{"start":{"line":434,"column":12},"end":{"line":434,"column":52}},"142":{"start":{"line":435,"column":12},"end":{"line":438,"column":15}},"143":{"start":{"line":441,"column":23},"end":{"line":451,"column":9}},"144":{"start":{"line":453,"column":8},"end":{"line":459,"column":9}},"145":{"start":{"line":454,"column":12},"end":{"line":454,"column":53}},"146":{"start":{"line":455,"column":12},"end":{"line":458,"column":15}},"147":{"start":{"line":461,"column":8},"end":{"line":461,"column":37}},"148":{"start":{"line":463,"column":8},"end":{"line":463,"column":56}},"149":{"start":{"line":464,"column":8},"end":{"line":467,"column":11}},"150":{"start":{"line":471,"column":0},"end":{"line":484,"column":1}},"151":{"start":{"line":472,"column":4},"end":{"line":483,"column":5}},"152":{"start":{"line":473,"column":23},"end":{"line":473,"column":48}},"153":{"start":{"line":475,"column":8},"end":{"line":477,"column":9}},"154":{"start":{"line":476,"column":12},"end":{"line":476,"column":57}},"155":{"start":{"line":479,"column":8},"end":{"line":479,"column":37}},"156":{"start":{"line":481,"column":8},"end":{"line":481,"column":41}},"157":{"start":{"line":482,"column":8},"end":{"line":482,"column":34}},"158":{"start":{"line":486,"column":0},"end":{"line":510,"column":1}},"159":{"start":{"line":487,"column":4},"end":{"line":509,"column":5}},"160":{"start":{"line":490,"column":12},"end":{"line":490,"column":20}},"161":{"start":{"line":492,"column":23},"end":{"line":495,"column":10}},"162":{"start":{"line":497,"column":8},"end":{"line":503,"column":9}},"163":{"start":{"line":498,"column":12},"end":{"line":498,"column":61}},"164":{"start":{"line":499,"column":12},"end":{"line":502,"column":15}},"165":{"start":{"line":505,"column":8},"end":{"line":505,"column":37}},"166":{"start":{"line":507,"column":8},"end":{"line":507,"column":41}},"167":{"start":{"line":508,"column":8},"end":{"line":508,"column":34}},"168":{"start":{"line":512,"column":0},"end":{"line":512,"column":25}}},"fnMap":{"0":{"name":"(anonymous_0)","decl":{"start":{"line":11,"column":26},"end":{"line":11,"column":27}},"loc":{"start":{"line":11,"column":52},"end":{"line":26,"column":1}},"line":11},"1":{"name":"(anonymous_1)","decl":{"start":{"line":29,"column":24},"end":{"line":29,"column":25}},"loc":{"start":{"line":29,"column":50},"end":{"line":74,"column":1}},"line":29},"2":{"name":"(anonymous_2)","decl":{"start":{"line":77,"column":20},"end":{"line":77,"column":21}},"loc":{"start":{"line":77,"column":46},"end":{"line":108,"column":1}},"line":77},"3":{"name":"(anonymous_3)","decl":{"start":{"line":111,"column":21},"end":{"line":111,"column":22}},"loc":{"start":{"line":111,"column":47},"end":{"line":130,"column":1}},"line":111},"4":{"name":"(anonymous_4)","decl":{"start":{"line":132,"column":32},"end":{"line":132,"column":33}},"loc":{"start":{"line":132,"column":58},"end":{"line":150,"column":1}},"line":132},"5":{"name":"(anonymous_5)","decl":{"start":{"line":153,"column":21},"end":{"line":153,"column":22}},"loc":{"start":{"line":153,"column":47},"end":{"line":197,"column":1}},"line":153},"6":{"name":"(anonymous_6)","decl":{"start":{"line":199,"column":31},"end":{"line":199,"column":32}},"loc":{"start":{"line":199,"column":57},"end":{"line":227,"column":1}},"line":199},"7":{"name":"(anonymous_7)","decl":{"start":{"line":230,"column":19},"end":{"line":230,"column":20}},"loc":{"start":{"line":230,"column":45},"end":{"line":291,"column":1}},"line":230},"8":{"name":"(anonymous_8)","decl":{"start":{"line":293,"column":29},"end":{"line":293,"column":30}},"loc":{"start":{"line":293,"column":55},"end":{"line":338,"column":1}},"line":293},"9":{"name":"(anonymous_9)","decl":{"start":{"line":340,"column":21},"end":{"line":340,"column":22}},"loc":{"start":{"line":340,"column":47},"end":{"line":370,"column":1}},"line":340},"10":{"name":"(anonymous_10)","decl":{"start":{"line":372,"column":31},"end":{"line":372,"column":32}},"loc":{"start":{"line":372,"column":57},"end":{"line":402,"column":1}},"line":372},"11":{"name":"(anonymous_11)","decl":{"start":{"line":404,"column":22},"end":{"line":404,"column":23}},"loc":{"start":{"line":404,"column":48},"end":{"line":419,"column":1}},"line":404},"12":{"name":"(anonymous_12)","decl":{"start":{"line":421,"column":20},"end":{"line":421,"column":21}},"loc":{"start":{"line":421,"column":46},"end":{"line":469,"column":1}},"line":421},"13":{"name":"(anonymous_13)","decl":{"start":{"line":471,"column":28},"end":{"line":471,"column":29}},"loc":{"start":{"line":471,"column":54},"end":{"line":484,"column":1}},"line":471},"14":{"name":"(anonymous_14)","decl":{"start":{"line":486,"column":27},"end":{"line":486,"column":28}},"loc":{"start":{"line":486,"column":53},"end":{"line":510,"column":1}},"line":486}},"branchMap":{"0":{"loc":{"start":{"line":35,"column":8},"end":{"line":40,"column":9}},"type":"if","locations":[{"start":{"line":35,"column":8},"end":{"line":40,"column":9}},{"start":{},"end":{}}],"line":35},"1":{"loc":{"start":{"line":45,"column":8},"end":{"line":50,"column":9}},"type":"if","locations":[{"start":{"line":45,"column":8},"end":{"line":50,"column":9}},{"start":{},"end":{}}],"line":45},"2":{"loc":{"start":{"line":83,"column":8},"end":{"line":89,"column":9}},"type":"if","locations":[{"start":{"line":83,"column":8},"end":{"line":89,"column":9}},{"start":{},"end":{}}],"line":83},"3":{"loc":{"start":{"line":92,"column":8},"end":{"line":98,"column":9}},"type":"if","locations":[{"start":{"line":92,"column":8},"end":{"line":98,"column":9}},{"start":{},"end":{}}],"line":92},"4":{"loc":{"start":{"line":114,"column":8},"end":{"line":120,"column":9}},"type":"if","locations":[{"start":{"line":114,"column":8},"end":{"line":120,"column":9}},{"start":{},"end":{}}],"line":114},"5":{"loc":{"start":{"line":114,"column":12},"end":{"line":114,"column":38}},"type":"binary-expr","locations":[{"start":{"line":114,"column":12},"end":{"line":114,"column":17}},{"start":{"line":114,"column":21},"end":{"line":114,"column":38}}],"line":114},"6":{"loc":{"start":{"line":135,"column":8},"end":{"line":141,"column":9}},"type":"if","locations":[{"start":{"line":135,"column":8},"end":{"line":141,"column":9}},{"start":{},"end":{}}],"line":135},"7":{"loc":{"start":{"line":135,"column":12},"end":{"line":135,"column":60}},"type":"binary-expr","locations":[{"start":{"line":135,"column":12},"end":{"line":135,"column":28}},{"start":{"line":135,"column":32},"end":{"line":135,"column":60}}],"line":135},"8":{"loc":{"start":{"line":180,"column":8},"end":{"line":186,"column":9}},"type":"if","locations":[{"start":{"line":180,"column":8},"end":{"line":186,"column":9}},{"start":{},"end":{}}],"line":180},"9":{"loc":{"start":{"line":209,"column":8},"end":{"line":215,"column":9}},"type":"if","locations":[{"start":{"line":209,"column":8},"end":{"line":215,"column":9}},{"start":{},"end":{}}],"line":209},"10":{"loc":{"start":{"line":248,"column":8},"end":{"line":254,"column":9}},"type":"if","locations":[{"start":{"line":248,"column":8},"end":{"line":254,"column":9}},{"start":{},"end":{}}],"line":248},"11":{"loc":{"start":{"line":275,"column":8},"end":{"line":281,"column":9}},"type":"if","locations":[{"start":{"line":275,"column":8},"end":{"line":281,"column":9}},{"start":{},"end":{}}],"line":275},"12":{"loc":{"start":{"line":303,"column":8},"end":{"line":309,"column":9}},"type":"if","locations":[{"start":{"line":303,"column":8},"end":{"line":309,"column":9}},{"start":{},"end":{}}],"line":303},"13":{"loc":{"start":{"line":322,"column":8},"end":{"line":328,"column":9}},"type":"if","locations":[{"start":{"line":322,"column":8},"end":{"line":328,"column":9}},{"start":{},"end":{}}],"line":322},"14":{"loc":{"start":{"line":346,"column":8},"end":{"line":352,"column":9}},"type":"if","locations":[{"start":{"line":346,"column":8},"end":{"line":352,"column":9}},{"start":{},"end":{}}],"line":346},"15":{"loc":{"start":{"line":355,"column":8},"end":{"line":360,"column":9}},"type":"if","locations":[{"start":{"line":355,"column":8},"end":{"line":360,"column":9}},{"start":{},"end":{}}],"line":355},"16":{"loc":{"start":{"line":378,"column":8},"end":{"line":384,"column":9}},"type":"if","locations":[{"start":{"line":378,"column":8},"end":{"line":384,"column":9}},{"start":{},"end":{}}],"line":378},"17":{"loc":{"start":{"line":387,"column":8},"end":{"line":392,"column":9}},"type":"if","locations":[{"start":{"line":387,"column":8},"end":{"line":392,"column":9}},{"start":{},"end":{}}],"line":387},"18":{"loc":{"start":{"line":409,"column":8},"end":{"line":411,"column":9}},"type":"if","locations":[{"start":{"line":409,"column":8},"end":{"line":411,"column":9}},{"start":{},"end":{}}],"line":409},"19":{"loc":{"start":{"line":433,"column":8},"end":{"line":439,"column":9}},"type":"if","locations":[{"start":{"line":433,"column":8},"end":{"line":439,"column":9}},{"start":{},"end":{}}],"line":433},"20":{"loc":{"start":{"line":453,"column":8},"end":{"line":459,"column":9}},"type":"if","locations":[{"start":{"line":453,"column":8},"end":{"line":459,"column":9}},{"start":{},"end":{}}],"line":453},"21":{"loc":{"start":{"line":475,"column":8},"end":{"line":477,"column":9}},"type":"if","locations":[{"start":{"line":475,"column":8},"end":{"line":477,"column":9}},{"start":{},"end":{}}],"line":475},"22":{"loc":{"start":{"line":497,"column":8},"end":{"line":503,"column":9}},"type":"if","locations":[{"start":{"line":497,"column":8},"end":{"line":503,"column":9}},{"start":{},"end":{}}],"line":497}},"s":{"0":1,"1":1,"2":1,"3":1,"4":1,"5":1,"6":1,"7":1,"8":0,"9":0,"10":0,"11":0,"12":0,"13":1,"14":0,"15":0,"16":0,"17":0,"18":0,"19":0,"20":0,"21":0,"22":0,"23":0,"24":0,"25":1,"26":1,"27":1,"28":1,"29":1,"30":1,"31":0,"32":0,"33":0,"34":0,"35":0,"36":0,"37":0,"38":1,"39":1,"40":1,"41":1,"42":0,"43":0,"44":1,"45":0,"46":0,"47":1,"48":1,"49":1,"50":1,"51":0,"52":0,"53":1,"54":0,"55":0,"56":1,"57":0,"58":0,"59":0,"60":0,"61":0,"62":0,"63":0,"64":0,"65":0,"66":0,"67":0,"68":1,"69":0,"70":0,"71":0,"72":0,"73":0,"74":0,"75":0,"76":0,"77":1,"78":0,"79":0,"80":0,"81":0,"82":0,"83":0,"84":0,"85":0,"86":0,"87":0,"88":0,"89":0,"90":0,"91":1,"92":0,"93":0,"94":0,"95":0,"96":0,"97":0,"98":0,"99":0,"100":0,"101":0,"102":0,"103":0,"104":0,"105":1,"106":0,"107":0,"108":0,"109":0,"110":0,"111":0,"112":0,"113":0,"114":0,"115":0,"116":0,"117":1,"118":0,"119":0,"120":0,"121":0,"122":0,"123":0,"124":0,"125":0,"126":0,"127":0,"128":0,"129":1,"130":0,"131":0,"132":0,"133":0,"134":0,"135":0,"136":1,"137":0,"138":0,"139":0,"140":0,"141":0,"142":0,"143":0,"144":0,"145":0,"146":0,"147":0,"148":0,"149":0,"150":1,"151":0,"152":0,"153":0,"154":0,"155":0,"156":0,"157":0,"158":1,"159":0,"160":0,"161":0,"162":0,"163":0,"164":0,"165":0,"166":0,"167":0,"168":1},"f":{"0":0,"1":0,"2":1,"3":1,"4":1,"5":0,"6":0,"7":0,"8":0,"9":0,"10":0,"11":0,"12":0,"13":0,"14":0},"b":{"0":[0,0],"1":[0,0],"2":[1,0],"3":[0,0],"4":[0,1],"5":[1,1],"6":[0,1],"7":[1,1],"8":[0,0],"9":[0,0],"10":[0,0],"11":[0,0],"12":[0,0],"13":[0,0],"14":[0,0],"15":[0,0],"16":[0,0],"17":[0,0],"18":[0,0],"19":[0,0],"20":[0,0],"21":[0,0],"22":[0,0]},"_coverageSchema":"1a1c01bbd47fc00a2c39e90264f33305004495a9","hash":"dc716a69decf4e329b0d10eb372b3a10922ff929"}
}
