TN:
SF:server.js
FN:52,(anonymous_0)
FN:86,(anonymous_1)
FN:107,(anonymous_2)
FN:111,(anonymous_3)
FN:123,(anonymous_4)
FN:136,(anonymous_5)
FN:141,(anonymous_6)
FN:154,(anonymous_7)
FN:157,(anonymous_8)
FN:166,(anonymous_9)
FNF:10
FNH:3
FNDA:5,(anonymous_0)
FNDA:0,(anonymous_1)
FNDA:0,(anonymous_2)
FNDA:0,(anonymous_3)
FNDA:0,(anonymous_4)
FNDA:0,(anonymous_5)
FNDA:1,(anonymous_6)
FNDA:1,(anonymous_7)
FNDA:0,(anonymous_8)
FNDA:0,(anonymous_9)
DA:1,1
DA:2,1
DA:3,1
DA:4,1
DA:5,1
DA:6,1
DA:7,1
DA:8,1
DA:9,1
DA:10,1
DA:11,1
DA:12,1
DA:14,1
DA:15,1
DA:17,1
DA:18,1
DA:19,1
DA:20,1
DA:21,1
DA:22,1
DA:24,1
DA:25,1
DA:27,1
DA:28,1
DA:30,1
DA:35,1
DA:36,1
DA:37,1
DA:40,1
DA:47,1
DA:48,1
DA:49,1
DA:52,1
DA:53,5
DA:54,5
DA:55,5
DA:57,3
DA:58,3
DA:64,5
DA:68,1
DA:71,1
DA:74,1
DA:79,1
DA:80,1
DA:82,1
DA:87,0
DA:89,0
DA:91,0
DA:92,0
DA:100,0
DA:102,0
DA:104,0
DA:107,1
DA:108,0
DA:111,1
DA:112,0
DA:116,1
DA:122,1
DA:123,1
DA:124,0
DA:128,1
DA:129,1
DA:130,1
DA:131,1
DA:132,1
DA:133,1
DA:136,1
DA:137,0
DA:141,1
DA:142,1
DA:143,1
DA:144,1
DA:152,1
DA:155,1
DA:158,0
DA:159,0
DA:163,1
DA:165,1
DA:166,0
DA:169,1
LF:80
LH:66
BRDA:54,0,0,5
BRDA:54,0,1,5
BRDA:55,1,0,3
BRDA:55,1,1,2
BRDA:55,2,0,5
BRDA:55,2,1,2
BRDA:55,2,2,2
BRDA:57,3,0,3
BRDA:57,3,1,0
BRDA:91,4,0,0
BRDA:91,4,1,0
BRDA:143,5,0,1
BRDA:143,5,1,0
BRDA:145,6,0,1
BRDA:145,6,1,0
BRDA:163,7,0,1
BRDA:163,7,1,1
BRDA:165,8,0,0
BRDA:165,8,1,1
BRF:19
BRH:13
end_of_record
