TN:
SF:server.js
FN:52,(anonymous_0)
FN:83,(anonymous_1)
FN:104,(anonymous_2)
FN:108,(anonymous_3)
FN:121,(anonymous_4)
FN:134,(anonymous_5)
FN:139,(anonymous_6)
FN:152,(anonymous_7)
FN:155,(anonymous_8)
FN:164,(anonymous_9)
FNF:10
FNH:3
FNDA:5,(anonymous_0)
FNDA:0,(anonymous_1)
FNDA:0,(anonymous_2)
FNDA:0,(anonymous_3)
FNDA:0,(anonymous_4)
FNDA:0,(anonymous_5)
FNDA:1,(anonymous_6)
FNDA:1,(anonymous_7)
FNDA:0,(anonymous_8)
FNDA:0,(anonymous_9)
DA:1,1
DA:2,1
DA:3,1
DA:4,1
DA:5,1
DA:6,1
DA:7,1
DA:8,1
DA:9,1
DA:10,1
DA:11,1
DA:12,1
DA:14,1
DA:15,1
DA:17,1
DA:18,1
DA:19,1
DA:20,1
DA:21,1
DA:22,1
DA:24,1
DA:25,1
DA:27,1
DA:28,1
DA:30,1
DA:35,1
DA:36,1
DA:37,1
DA:40,1
DA:47,1
DA:48,1
DA:49,1
DA:52,1
DA:53,5
DA:54,5
DA:55,5
DA:57,3
DA:58,3
DA:64,5
DA:68,1
DA:71,1
DA:76,1
DA:77,1
DA:79,1
DA:84,0
DA:86,0
DA:88,0
DA:89,0
DA:97,0
DA:99,0
DA:101,0
DA:104,1
DA:105,0
DA:108,1
DA:109,0
DA:113,1
DA:114,1
DA:120,1
DA:121,1
DA:122,0
DA:126,1
DA:127,1
DA:128,1
DA:129,1
DA:130,1
DA:131,1
DA:134,1
DA:135,0
DA:139,1
DA:140,1
DA:141,1
DA:142,1
DA:150,1
DA:153,1
DA:156,0
DA:157,0
DA:161,1
DA:163,1
DA:164,0
DA:167,1
LF:80
LH:66
BRDA:54,0,0,5
BRDA:54,0,1,5
BRDA:55,1,0,3
BRDA:55,1,1,2
BRDA:55,2,0,5
BRDA:55,2,1,2
BRDA:55,2,2,2
BRDA:57,3,0,3
BRDA:57,3,1,0
BRDA:88,4,0,0
BRDA:88,4,1,0
BRDA:141,5,0,1
BRDA:141,5,1,0
BRDA:143,6,0,1
BRDA:143,6,1,0
BRDA:161,7,0,1
BRDA:161,7,1,1
BRDA:163,8,0,0
BRDA:163,8,1,1
BRF:19
BRH:13
end_of_record
TN:
SF:controllers\invController.js
FN:11,(anonymous_0)
FN:29,(anonymous_1)
FN:77,(anonymous_2)
FN:111,(anonymous_3)
FN:132,(anonymous_4)
FN:153,(anonymous_5)
FN:199,(anonymous_6)
FN:230,(anonymous_7)
FN:293,(anonymous_8)
FN:340,(anonymous_9)
FN:372,(anonymous_10)
FN:404,(anonymous_11)
FN:421,(anonymous_12)
FN:471,(anonymous_13)
FN:486,(anonymous_14)
FNF:15
FNH:3
FNDA:0,(anonymous_0)
FNDA:0,(anonymous_1)
FNDA:1,(anonymous_2)
FNDA:1,(anonymous_3)
FNDA:1,(anonymous_4)
FNDA:0,(anonymous_5)
FNDA:0,(anonymous_6)
FNDA:0,(anonymous_7)
FNDA:0,(anonymous_8)
FNDA:0,(anonymous_9)
FNDA:0,(anonymous_10)
FNDA:0,(anonymous_11)
FNDA:0,(anonymous_12)
FNDA:0,(anonymous_13)
FNDA:0,(anonymous_14)
DA:1,1
DA:2,1
DA:3,1
DA:4,1
DA:5,1
DA:6,1
DA:8,1
DA:11,1
DA:12,0
DA:13,0
DA:14,0
DA:20,0
DA:21,0
DA:29,1
DA:30,0
DA:33,0
DA:35,0
DA:36,0
DA:42,0
DA:43,0
DA:45,0
DA:46,0
DA:52,0
DA:68,0
DA:69,0
DA:77,1
DA:78,1
DA:81,1
DA:83,1
DA:84,1
DA:85,1
DA:91,0
DA:92,0
DA:93,0
DA:94,0
DA:100,0
DA:102,0
DA:103,0
DA:111,1
DA:112,1
DA:113,1
DA:114,1
DA:115,0
DA:116,0
DA:122,1
DA:124,0
DA:125,0
DA:132,1
DA:133,1
DA:134,1
DA:135,1
DA:136,0
DA:137,0
DA:142,1
DA:144,0
DA:145,0
DA:153,1
DA:154,0
DA:164,0
DA:166,0
DA:179,0
DA:180,0
DA:181,0
DA:182,0
DA:188,0
DA:190,0
DA:191,0
DA:192,0
DA:199,1
DA:200,0
DA:204,0
DA:205,0
DA:209,0
DA:210,0
DA:217,0
DA:219,0
DA:220,0
DA:230,1
DA:231,0
DA:234,0
DA:246,0
DA:248,0
DA:249,0
DA:250,0
DA:256,0
DA:275,0
DA:276,0
DA:277,0
DA:283,0
DA:285,0
DA:286,0
DA:293,1
DA:294,0
DA:297,0
DA:301,0
DA:303,0
DA:304,0
DA:305,0
DA:311,0
DA:322,0
DA:323,0
DA:324,0
DA:330,0
DA:332,0
DA:333,0
DA:340,1
DA:341,0
DA:344,0
DA:346,0
DA:347,0
DA:348,0
DA:354,0
DA:355,0
DA:356,0
DA:362,0
DA:364,0
DA:365,0
DA:372,1
DA:373,0
DA:376,0
DA:378,0
DA:379,0
DA:380,0
DA:386,0
DA:387,0
DA:388,0
DA:394,0
DA:396,0
DA:397,0
DA:404,1
DA:405,0
DA:407,0
DA:409,0
DA:410,0
DA:413,0
DA:416,0
DA:421,1
DA:422,0
DA:425,0
DA:431,0
DA:433,0
DA:434,0
DA:435,0
DA:441,0
DA:453,0
DA:454,0
DA:455,0
DA:461,0
DA:463,0
DA:464,0
DA:471,1
DA:472,0
DA:473,0
DA:475,0
DA:476,0
DA:479,0
DA:481,0
DA:482,0
DA:486,1
DA:487,0
DA:490,0
DA:492,0
DA:497,0
DA:498,0
DA:499,0
DA:505,0
DA:507,0
DA:508,0
DA:512,1
LF:169
LH:36
BRDA:35,0,0,0
BRDA:35,0,1,0
BRDA:45,1,0,0
BRDA:45,1,1,0
BRDA:83,2,0,1
BRDA:83,2,1,0
BRDA:92,3,0,0
BRDA:92,3,1,0
BRDA:114,4,0,0
BRDA:114,4,1,1
BRDA:114,5,0,1
BRDA:114,5,1,1
BRDA:135,6,0,0
BRDA:135,6,1,1
BRDA:135,7,0,1
BRDA:135,7,1,1
BRDA:180,8,0,0
BRDA:180,8,1,0
BRDA:209,9,0,0
BRDA:209,9,1,0
BRDA:248,10,0,0
BRDA:248,10,1,0
BRDA:275,11,0,0
BRDA:275,11,1,0
BRDA:303,12,0,0
BRDA:303,12,1,0
BRDA:322,13,0,0
BRDA:322,13,1,0
BRDA:346,14,0,0
BRDA:346,14,1,0
BRDA:355,15,0,0
BRDA:355,15,1,0
BRDA:378,16,0,0
BRDA:378,16,1,0
BRDA:387,17,0,0
BRDA:387,17,1,0
BRDA:409,18,0,0
BRDA:409,18,1,0
BRDA:433,19,0,0
BRDA:433,19,1,0
BRDA:453,20,0,0
BRDA:453,20,1,0
BRDA:475,21,0,0
BRDA:475,21,1,0
BRDA:497,22,0,0
BRDA:497,22,1,0
BRF:46
BRH:7
end_of_record
